{"/home/nghong/Projects/MRTv2/api/models/Users.js":{"path":"/home/nghong/Projects/MRTv2/api/models/Users.js","s":{"1":1,"2":1,"3":1,"4":23,"5":1,"6":22,"7":21,"8":21},"b":{"1":[1,22]},"f":{"1":23,"2":21},"fnMap":{"1":{"name":"(anonymous_1)","line":33,"loc":{"start":{"line":33,"column":16},"end":{"line":33,"column":42}}},"2":{"name":"(anonymous_2)","line":37,"loc":{"start":{"line":37,"column":51},"end":{"line":37,"column":72}}}},"statementMap":{"1":{"start":{"line":8,"column":0},"end":{"line":8,"column":30}},"2":{"start":{"line":9,"column":0},"end":{"line":9,"column":25}},"3":{"start":{"line":11,"column":0},"end":{"line":43,"column":1}},"4":{"start":{"line":34,"column":4},"end":{"line":41,"column":5}},"5":{"start":{"line":35,"column":6},"end":{"line":35,"column":68}},"6":{"start":{"line":37,"column":6},"end":{"line":40,"column":8}},"7":{"start":{"line":38,"column":8},"end":{"line":38,"column":28}},"8":{"start":{"line":39,"column":8},"end":{"line":39,"column":28}}},"branchMap":{"1":{"line":34,"type":"if","locations":[{"start":{"line":34,"column":4},"end":{"line":34,"column":4}},{"start":{"line":34,"column":4},"end":{"line":34,"column":4}}]}}},"/home/nghong/Projects/MRTv2/api/controllers/SessionController.js":{"path":"/home/nghong/Projects/MRTv2/api/controllers/SessionController.js","s":{"1":1,"2":1,"3":4,"4":4,"5":1,"6":3,"7":3,"8":0,"9":3,"10":1,"11":2,"12":1,"13":1},"b":{"1":[1,3],"2":[4,3],"3":[0,3],"4":[1,2],"5":[1,1]},"f":{"1":4,"2":3},"fnMap":{"1":{"name":"(anonymous_1)","line":11,"loc":{"start":{"line":11,"column":10},"end":{"line":11,"column":30}}},"2":{"name":"(anonymous_2)","line":16,"loc":{"start":{"line":16,"column":46},"end":{"line":16,"column":67}}}},"statementMap":{"1":{"start":{"line":7,"column":0},"end":{"line":7,"column":30}},"2":{"start":{"line":9,"column":0},"end":{"line":31,"column":1}},"3":{"start":{"line":12,"column":4},"end":{"line":12,"column":32}},"4":{"start":{"line":13,"column":4},"end":{"line":15,"column":5}},"5":{"start":{"line":14,"column":6},"end":{"line":14,"column":56}},"6":{"start":{"line":16,"column":4},"end":{"line":28,"column":6}},"7":{"start":{"line":18,"column":6},"end":{"line":18,"column":40},"skip":true},"8":{"start":{"line":18,"column":15},"end":{"line":18,"column":40},"skip":true},"9":{"start":{"line":19,"column":6},"end":{"line":27,"column":7}},"10":{"start":{"line":20,"column":8},"end":{"line":20,"column":29}},"11":{"start":{"line":22,"column":8},"end":{"line":26,"column":9}},"12":{"start":{"line":23,"column":10},"end":{"line":23,"column":53}},"13":{"start":{"line":25,"column":10},"end":{"line":25,"column":49}}},"branchMap":{"1":{"line":13,"type":"if","locations":[{"start":{"line":13,"column":4},"end":{"line":13,"column":4}},{"start":{"line":13,"column":4},"end":{"line":13,"column":4}}]},"2":{"line":13,"type":"binary-expr","locations":[{"start":{"line":13,"column":8},"end":{"line":13,"column":21}},{"start":{"line":13,"column":25},"end":{"line":13,"column":41}}]},"3":{"line":18,"type":"if","locations":[{"start":{"line":18,"column":6},"end":{"line":18,"column":6},"skip":true},{"start":{"line":18,"column":6},"end":{"line":18,"column":6},"skip":true}]},"4":{"line":19,"type":"if","locations":[{"start":{"line":19,"column":6},"end":{"line":19,"column":6}},{"start":{"line":19,"column":6},"end":{"line":19,"column":6}}]},"5":{"line":22,"type":"if","locations":[{"start":{"line":22,"column":8},"end":{"line":22,"column":8}},{"start":{"line":22,"column":8},"end":{"line":22,"column":8}}]}}},"/home/nghong/Projects/MRTv2/api/controllers/UsersController.js":{"path":"/home/nghong/Projects/MRTv2/api/controllers/UsersController.js","s":{"1":1,"2":1,"3":1,"4":2,"5":2,"6":2,"7":1,"8":1,"9":0,"10":1,"11":1},"b":{"1":[1,1],"2":[1,0],"3":[1,1,1,1]},"f":{"1":1,"2":2,"3":2},"fnMap":{"1":{"name":"(anonymous_1)","line":11,"loc":{"start":{"line":11,"column":10},"end":{"line":11,"column":30}}},"2":{"name":"(anonymous_2)","line":16,"loc":{"start":{"line":16,"column":10},"end":{"line":16,"column":30}}},"3":{"name":"userCreated","line":25,"loc":{"start":{"line":25,"column":7},"end":{"line":25,"column":43}}}},"statementMap":{"1":{"start":{"line":9,"column":0},"end":{"line":53,"column":1}},"2":{"start":{"line":12,"column":4},"end":{"line":12,"column":48}},"3":{"start":{"line":13,"column":4},"end":{"line":13,"column":75}},"4":{"start":{"line":17,"column":4},"end":{"line":17,"column":32}},"5":{"start":{"line":20,"column":4},"end":{"line":50,"column":6}},"6":{"start":{"line":26,"column":6},"end":{"line":41,"column":7}},"7":{"start":{"line":32,"column":8},"end":{"line":36,"column":9}},"8":{"start":{"line":35,"column":10},"end":{"line":35,"column":40}},"9":{"start":{"line":40,"column":8},"end":{"line":40,"column":33},"skip":true},"10":{"start":{"line":44,"column":6},"end":{"line":44,"column":33}},"11":{"start":{"line":47,"column":6},"end":{"line":49,"column":8}}},"branchMap":{"1":{"line":26,"type":"if","locations":[{"start":{"line":26,"column":6},"end":{"line":26,"column":6}},{"start":{"line":26,"column":6},"end":{"line":26,"column":6}}]},"2":{"line":32,"type":"if","locations":[{"start":{"line":32,"column":8},"end":{"line":32,"column":8}},{"start":{"line":32,"column":8},"end":{"line":32,"column":8}}]},"3":{"line":32,"type":"binary-expr","locations":[{"start":{"line":32,"column":12},"end":{"line":32,"column":33}},{"start":{"line":32,"column":37},"end":{"line":32,"column":64}},{"start":{"line":33,"column":12},"end":{"line":33,"column":42}},{"start":{"line":34,"column":12},"end":{"line":34,"column":60}}]}}}}