TN:
SF:/home/nghong/Projects/MRTv2/api/models/Users.js
FN:42,(anonymous_1)
FN:50,(anonymous_2)
FN:51,(anonymous_3)
FN:58,(anonymous_4)
FN:59,(anonymous_5)
FN:66,(anonymous_6)
FN:80,(anonymous_7)
FN:85,(anonymous_8)
FN:88,(anonymous_9)
FN:93,(anonymous_10)
FN:103,(anonymous_11)
FN:109,(anonymous_12)
FN:113,(anonymous_13)
FN:118,(anonymous_14)
FN:122,(anonymous_15)
FNF:15
FNH:9
FNDA:1,(anonymous_1)
FNDA:2,(anonymous_2)
FNDA:2,(anonymous_3)
FNDA:25,(anonymous_4)
FNDA:25,(anonymous_5)
FNDA:0,(anonymous_6)
FNDA:0,(anonymous_7)
FNDA:0,(anonymous_8)
FNDA:0,(anonymous_9)
FNDA:0,(anonymous_10)
FNDA:0,(anonymous_11)
FNDA:25,(anonymous_12)
FNDA:24,(anonymous_13)
FNDA:2,(anonymous_14)
FNDA:1,(anonymous_15)
DA:8,1
DA:9,1
DA:10,1
DA:11,1
DA:13,1
DA:43,1
DA:44,1
DA:45,1
DA:46,1
DA:47,1
DA:48,1
DA:51,2
DA:52,2
DA:53,2
DA:59,25
DA:60,25
DA:61,25
DA:62,25
DA:67,0
DA:69,0
DA:70,0
DA:73,0
DA:75,0
DA:80,0
DA:81,0
DA:86,0
DA:88,0
DA:89,0
DA:90,0
DA:92,0
DA:93,0
DA:94,0
DA:95,0
DA:101,0
DA:103,0
DA:104,0
DA:110,25
DA:111,1
DA:113,24
DA:114,24
DA:119,2
DA:120,1
DA:122,1
DA:123,1
LF:44
LH:26
BRDA:52,1,0,0
BRDA:52,1,1,2
BRDA:60,2,0,0
BRDA:60,2,1,25
BRDA:67,3,0,0
BRDA:67,3,1,0
BRDA:67,4,0,0
BRDA:67,4,1,0
BRDA:69,5,0,0
BRDA:69,5,1,0
BRDA:86,6,0,0
BRDA:86,6,1,0
BRDA:86,7,0,0
BRDA:86,7,1,0
BRDA:89,8,0,0
BRDA:89,8,1,0
BRDA:90,9,0,0
BRDA:90,9,1,0
BRDA:92,10,0,0
BRDA:92,10,1,0
BRDA:94,11,0,0
BRDA:94,11,1,0
BRDA:110,12,0,1
BRDA:110,12,1,24
BRDA:119,13,0,1
BRDA:119,13,1,1
BRF:26
BRH:6
end_of_record
TN:
SF:/home/nghong/Projects/MRTv2/api/controllers/SessionController.js
FN:11,(anonymous_1)
FN:16,(anonymous_2)
FN:21,(anonymous_3)
FNF:3
FNH:3
FNDA:1,(anonymous_1)
FNDA:4,(anonymous_2)
FNDA:3,(anonymous_3)
DA:7,1
DA:9,1
DA:12,1
DA:13,1
DA:17,4
DA:18,4
DA:19,1
DA:21,3
DA:23,3
DA:24,3
DA:25,1
DA:27,2
DA:29,1
DA:31,1
LF:14
LH:14
BRDA:18,1,0,1
BRDA:18,1,1,3
BRDA:18,2,0,4
BRDA:18,2,1,3
BRDA:23,3,0,0
BRDA:23,3,1,3
BRDA:24,4,0,1
BRDA:24,4,1,2
BRDA:27,5,0,1
BRDA:27,5,1,1
BRF:10
BRH:10
end_of_record
TN:
SF:/home/nghong/Projects/MRTv2/api/controllers/UsersController.js
FN:11,(anonymous_1)
FN:16,(anonymous_2)
FN:25,userCreated
FNF:3
FNH:3
FNDA:1,(anonymous_1)
FNDA:2,(anonymous_2)
FNDA:2,userCreated
DA:9,1
DA:12,1
DA:13,1
DA:17,2
DA:20,2
DA:26,2
DA:32,1
DA:35,1
DA:40,1
DA:44,1
DA:47,1
LF:11
LH:11
BRDA:26,1,0,1
BRDA:26,1,1,1
BRDA:32,2,0,1
BRDA:32,2,1,0
BRDA:32,3,0,1
BRDA:32,3,1,1
BRDA:32,3,2,1
BRDA:32,3,3,1
BRF:8
BRH:7
end_of_record
