TN:
SF:/home/nghong/Projects/MRTv2/api/models/Users.js
FN:33,(anonymous_1)
FN:37,(anonymous_2)
FNF:2
FNH:2
FNDA:23,(anonymous_1)
FNDA:21,(anonymous_2)
DA:8,1
DA:9,1
DA:11,1
DA:34,23
DA:35,1
DA:37,22
DA:38,21
DA:39,21
LF:8
LH:8
BRDA:34,1,0,1
BRDA:34,1,1,22
BRF:2
BRH:2
end_of_record
TN:
SF:/home/nghong/Projects/MRTv2/api/controllers/SessionController.js
FN:11,(anonymous_1)
FN:16,(anonymous_2)
FNF:2
FNH:2
FNDA:4,(anonymous_1)
FNDA:3,(anonymous_2)
DA:7,1
DA:9,1
DA:12,4
DA:13,4
DA:14,1
DA:16,3
DA:18,3
DA:19,3
DA:20,1
DA:22,2
DA:23,1
DA:25,1
LF:12
LH:12
BRDA:13,1,0,1
BRDA:13,1,1,3
BRDA:13,2,0,4
BRDA:13,2,1,3
BRDA:18,3,0,0
BRDA:18,3,1,3
BRDA:19,4,0,1
BRDA:19,4,1,2
BRDA:22,5,0,1
BRDA:22,5,1,1
BRF:10
BRH:10
end_of_record
TN:
SF:/home/nghong/Projects/MRTv2/api/controllers/UsersController.js
FN:11,(anonymous_1)
FN:16,(anonymous_2)
FN:25,userCreated
FNF:3
FNH:3
FNDA:1,(anonymous_1)
FNDA:2,(anonymous_2)
FNDA:2,userCreated
DA:9,1
DA:12,1
DA:13,1
DA:17,2
DA:20,2
DA:26,2
DA:32,1
DA:35,1
DA:40,1
DA:44,1
DA:47,1
LF:11
LH:11
BRDA:26,1,0,1
BRDA:26,1,1,1
BRDA:32,2,0,1
BRDA:32,2,1,0
BRDA:32,3,0,1
BRDA:32,3,1,1
BRDA:32,3,2,1
BRDA:32,3,3,1
BRF:8
BRH:7
end_of_record
